level=info service=foo time=2021-11-01T04:44:58.701856249Z caller=service.go:25 request_id=ea0d5d4c-e1cf-4ce7-accb-53942bb3f382 func_name=AddFoo log_info=upper log_data="name:\"foo 1\" description:\"this is foo 1\""
level=info service=foo time=2021-11-01T04:44:58.717813495Z caller=service.go:38 request_id=ea0d5d4c-e1cf-4ce7-accb-53942bb3f382 func_name=AddFoo log_data="id:\"5d67c3f5-7170-4a1a-a071-72b847a9b451\" name:\"Bar 1\" description:\"This is bar 1\" created_at:1635741898 updated_at:1635741898"
level=info service=foo time=2021-11-01T04:44:58.718004014Z caller=service.go:40 request_id=ea0d5d4c-e1cf-4ce7-accb-53942bb3f382 func_name=AddFoo log_info=downer
level=info service=foo time=2021-11-01T04:51:06.306966953Z caller=service.go:25 request_id=9c2f639f-d8af-4d29-8f48-ee2f964fe4d3 func_name=AddFoo log_info=upper log_data="name:\"foo 1\"  description:\"this is foo 1\""
level=info service=foo time=2021-11-01T04:51:06.323027435Z caller=service.go:38 request_id=9c2f639f-d8af-4d29-8f48-ee2f964fe4d3 func_name=AddFoo log_data="id:\"95b89f54-4f1f-4b73-a5d5-ba3508f3e630\"  name:\"Bar 1\"  description:\"This is bar 1\"  created_at:1635742266  updated_at:1635742266"
level=info service=foo time=2021-11-01T04:51:06.323510858Z caller=service.go:40 request_id=9c2f639f-d8af-4d29-8f48-ee2f964fe4d3 func_name=AddFoo log_info=downer
level=info service=foo time=2021-11-01T04:52:57.836147352Z caller=service.go:25 request_id=800db783-c8c3-436c-85ad-e7fd4a1246c8 func_name=AddFoo log_info=upper log_data="name:\"foo 1\"  description:\"this is foo 1\""
level=info service=foo time=2021-11-01T04:52:57.856359175Z caller=service.go:38 request_id=800db783-c8c3-436c-85ad-e7fd4a1246c8 func_name=AddFoo log_data="id:\"7738668b-df3a-4b98-aedb-c8e9aca7f3a1\"  name:\"Bar 1\"  description:\"This is bar 1\"  created_at:1635742377  updated_at:1635742377"
level=info service=foo time=2021-11-01T04:52:57.85659561Z caller=service.go:40 request_id=800db783-c8c3-436c-85ad-e7fd4a1246c8 func_name=AddFoo log_info=downer
level=info service=foo time=2021-11-01T04:59:02.874209669Z caller=service.go:25 request_id=e4adf777-82e8-47fd-b77d-b5d555684905 func_name=AddFoo log_info=upper log_data="name:\"foo 1\"  description:\"this is foo 1\""
level=info service=foo time=2021-11-01T04:59:02.887724827Z caller=service.go:38 request_id=e4adf777-82e8-47fd-b77d-b5d555684905 func_name=AddFoo log_data="id:\"e1160983-14da-45dd-b5c7-fb50abb2d2f1\"  name:\"Bar 1\"  description:\"This is bar 1\"  created_at:1635742742  updated_at:1635742742"
level=info service=foo time=2021-11-01T04:59:02.887925508Z caller=service.go:40 request_id=e4adf777-82e8-47fd-b77d-b5d555684905 func_name=AddFoo log_info=downer
level=info service=foo time=2021-11-01T05:02:50.284772747Z caller=service.go:26 request_id=6bcf59a4-1ee1-4331-b963-077e80cf19e2 func_name=AddFoo log_info=upper log_data="name:\"foo 1\"  description:\"this is foo 1\""
level=info service=foo time=2021-11-01T05:02:50.301776012Z caller=service.go:41 request_id=6bcf59a4-1ee1-4331-b963-077e80cf19e2 func_name=AddFoo log_data="id:\"f5de3934-9ede-4597-86f9-d6502e27ac24\"  name:\"Bar 1\"  description:\"This is bar 1\"  created_at:1635742970  updated_at:1635742970"
level=info service=foo time=2021-11-01T05:02:50.302015469Z caller=service.go:43 request_id=6bcf59a4-1ee1-4331-b963-077e80cf19e2 func_name=AddFoo log_info=downer
level=info service=foo time=2021-11-01T05:09:47.065650216Z caller=service.go:25 request_id=0a35eb2a-4e93-4dc4-82a7-d105924696b0 func_name=AddFoo log_info=upper log_data="name:\"foo 1\"  description:\"this is foo 1\""
level=info service=foo time=2021-11-01T05:09:47.079156924Z caller=service.go:38 request_id=0a35eb2a-4e93-4dc4-82a7-d105924696b0 func_name=AddFoo log_data="id:\"4624d507-14cd-40f6-9b5d-e1f5fd1d716d\"  name:\"Bar 1\"  description:\"This is bar 1\"  created_at:1635743387  updated_at:1635743387"
level=info service=foo time=2021-11-01T05:09:47.079335712Z caller=service.go:40 request_id=0a35eb2a-4e93-4dc4-82a7-d105924696b0 func_name=AddFoo log_info=downer
level=info service=foo time=2021-11-01T05:17:14.444576198Z caller=service.go:25 request_id=f977780b-2791-4bf9-bf80-3542ba64193a func_name=AddFoo log_info=upper log_data="name:\"foo 1\" description:\"this is foo 1\""
level=info service=foo time=2021-11-01T05:17:14.458050648Z caller=service.go:38 request_id=f977780b-2791-4bf9-bf80-3542ba64193a func_name=AddFoo log_data="id:\"730f7b53-44b4-447a-8e0c-586f3edd1eea\" name:\"Bar 1\" description:\"This is bar 1\" created_at:1635743834 updated_at:1635743834"
level=info service=foo time=2021-11-01T05:17:14.458242291Z caller=service.go:40 request_id=f977780b-2791-4bf9-bf80-3542ba64193a func_name=AddFoo log_info=downer
